[16:09:11] [Server thread/INFO]: Starting minecraft server version 1.14.4
[16:09:11] [Server thread/INFO]: Loading properties
[16:09:12] [Server thread/INFO]: This server is running CraftBukkit version git-Spigot-cbd1a1b-009d8af (MC: 1.14.4) (Implementing API version 1.14.4-R0.1-SNAPSHOT)
[16:09:14] [Server thread/INFO]: Debug logging is disabled
[16:09:14] [Server thread/INFO]: Server Ping Player Sample Count: 12
[16:09:14] [Server thread/INFO]: Using 4 threads for Netty based IO
[16:09:14] [Server thread/INFO]: Default game type: SURVIVAL
[16:09:14] [Server thread/INFO]: Generating keypair
[16:09:15] [Server thread/INFO]: Starting Minecraft server on *:25565
[16:09:15] [Server thread/INFO]: Using default channel type
[16:09:35] [Server thread/ERROR]: Could not load 'plugins\TreeAssist.jar' in folder 'plugins'
org.bukkit.plugin.InvalidPluginException: Unsupported API version 1.15
	at org.bukkit.craftbukkit.v1_14_R1.util.CraftMagicNumbers.checkSupported(CraftMagicNumbers.java:261) ~[spigot-1.14.4.jar:git-Spigot-cbd1a1b-009d8af]
	at org.bukkit.plugin.java.JavaPluginLoader.loadPlugin(JavaPluginLoader.java:131) ~[spigot-1.14.4.jar:git-Spigot-cbd1a1b-009d8af]
	at org.bukkit.plugin.SimplePluginManager.loadPlugin(SimplePluginManager.java:334) ~[spigot-1.14.4.jar:git-Spigot-cbd1a1b-009d8af]
	at org.bukkit.plugin.SimplePluginManager.loadPlugins(SimplePluginManager.java:253) [spigot-1.14.4.jar:git-Spigot-cbd1a1b-009d8af]
	at org.bukkit.craftbukkit.v1_14_R1.CraftServer.loadPlugins(CraftServer.java:350) [spigot-1.14.4.jar:git-Spigot-cbd1a1b-009d8af]
	at net.minecraft.server.v1_14_R1.DedicatedServer.init(DedicatedServer.java:202) [spigot-1.14.4.jar:git-Spigot-cbd1a1b-009d8af]
	at net.minecraft.server.v1_14_R1.MinecraftServer.run(MinecraftServer.java:775) [spigot-1.14.4.jar:git-Spigot-cbd1a1b-009d8af]
	at java.lang.Thread.run(Unknown Source) [?:1.8.0_261]
[16:09:36] [Server thread/INFO]: [LuckPerms] Loading LuckPerms v4.4.30
[16:09:37] [Server thread/INFO]: [SkinsRestorer] Loading SkinsRestorer v13.8.4
[16:09:37] [Server thread/INFO]: [WorldEdit] Loading WorldEdit v7.1.0-SNAPSHOT;4660-982caaf
[16:09:41] [Server thread/INFO]: Got request to register class com.sk89q.worldedit.bukkit.BukkitServerInterface with WorldEdit [com.sk89q.worldedit.extension.platform.PlatformManager@1d862be5]
[16:09:41] [Server thread/INFO]: [Vault] Loading Vault v1.7.2-b107
[16:09:41] [Server thread/INFO]: [ProtocolLib] Loading ProtocolLib v4.5.0-SNAPSHOT
[16:09:42] [Server thread/WARN]: [ProtocolLib] Version (MC: 1.14.4) has not yet been tested! Proceed with caution.
[16:09:43] [Server thread/INFO]: [WorldGuard] Loading WorldGuard v7.0.1-SNAPSHOT;1978-1c3cf02
[16:09:43] [Server thread/INFO]: [MarriageMaster] Loading MarriageMaster v2.2.7-Release
[16:09:43] [Server thread/INFO]: [MarriageMaster] PCGF-PluginLib not installed. Switching to standalone mode!
[16:09:43] [Server thread/INFO]: [WGExtender] Loading WGExtender v2.2
[16:09:43] [Server thread/INFO]: [Essentials] Loading Essentials v2.17.1.15
[16:09:43] [Server thread/INFO]: [EssentialsSpawn] Loading EssentialsSpawn v2.17.1.15
[16:09:43] [Server thread/INFO]: [EssentialsChat] Loading EssentialsChat v2.17.1.15
[16:09:43] [Server thread/INFO]: [LuckPerms] Enabling LuckPerms v4.4.30
[16:09:43] [Server thread/INFO]: [0;36;1m       [0;36;22m __    [m
[16:09:43] [Server thread/INFO]: [0;36;1m  |    [0;36;22m|__)   [0;32;22mLuckPerms [0;36;1mv4.4.30[m
[16:09:43] [Server thread/INFO]: [0;36;1m  |___ [0;36;22m|      [0;30;1mRunning on Bukkit - CraftBukkit[m
[16:09:43] [Server thread/INFO]: [m
[16:09:43] [Server thread/INFO]: [LuckPerms] Loading configuration...
[16:09:44] [Server thread/INFO]: [LuckPerms] Loading storage provider... [YAML]
[16:09:46] [Server thread/INFO]: [LuckPerms] Loading internal permission managers...
[16:09:46] [Server thread/INFO]: [LuckPerms] Performing initial data load...
[16:09:48] [Server thread/INFO]: [LuckPerms] Successfully enabled. (took 4881ms)
[16:09:48] [Server thread/INFO]: [WorldEdit] Enabling WorldEdit v7.1.0-SNAPSHOT;4660-982caaf
[16:09:49] [Server thread/INFO]: WEPIF: Using the Bukkit Permissions API.
[16:09:49] [Server thread/INFO]: Using com.sk89q.worldedit.bukkit.adapter.impl.Spigot_v1_14_R4 as the Bukkit adapter
[16:09:51] [Server thread/WARN]: [WorldEdit] ====================================================
[16:09:51] [Server thread/WARN]: [WorldEdit]  WorldEdit works better if you use Paper 
[16:09:51] [Server thread/WARN]: [WorldEdit]  as your server software. 
[16:09:51] [Server thread/WARN]: [WorldEdit]   
[16:09:51] [Server thread/WARN]: [WorldEdit]  Paper offers significant performance improvements,
[16:09:51] [Server thread/WARN]: [WorldEdit]  bug fixes, security enhancements and optional
[16:09:51] [Server thread/WARN]: [WorldEdit]  features for server owners to enhance their server.
[16:09:51] [Server thread/WARN]: [WorldEdit]   
[16:09:51] [Server thread/WARN]: [WorldEdit]  Paper includes Timings v2, which is significantly
[16:09:51] [Server thread/WARN]: [WorldEdit]  better at diagnosing lag problems over v1.
[16:09:51] [Server thread/WARN]: [WorldEdit]   
[16:09:51] [Server thread/WARN]: [WorldEdit]  All of your plugins should still work, and the
[16:09:51] [Server thread/WARN]: [WorldEdit]  Paper community will gladly help you fix any issues.
[16:09:51] [Server thread/WARN]: [WorldEdit]   
[16:09:51] [Server thread/WARN]: [WorldEdit]  Join the Paper Community @ https://papermc.io
[16:09:51] [Server thread/WARN]: [WorldEdit] ====================================================
[16:09:51] [Server thread/INFO]: [Vault] Enabling Vault v1.7.2-b107
[16:09:51] [Server thread/INFO]: [Vault] [Economy] Essentials Economy found: Waiting
[16:09:51] [Server thread/INFO]: [Vault] [Permission] SuperPermissions loaded as backup permission system.
[16:09:51] [Server thread/INFO]: [Vault] Enabled Version 1.7.2-b107
[16:09:51] [Server thread/INFO]: [LuckPerms] Registered Vault permission & chat hook.
[16:09:51] [Server thread/INFO]: WEPIF: Vault detected! Using Vault for permissions
[16:09:51] [Server thread/INFO]: [ProtocolLib] Enabling ProtocolLib v4.5.0-SNAPSHOT
[16:09:51] [Server thread/INFO]: [ProtocolLib] Started structure compiler thread.
[16:09:52] [Server thread/WARN]: **** SERVER IS RUNNING IN OFFLINE/INSECURE MODE!
[16:09:52] [Server thread/WARN]: The server will make no attempt to authenticate usernames. Beware.
[16:09:52] [Server thread/WARN]: While this makes the game possible to play without internet access, it also opens up the ability for hackers to connect with any username they choose.
[16:09:52] [Server thread/WARN]: To change this, set "online-mode" to "true" in the server.properties file.
[16:09:52] [Server thread/INFO]: Preparing level "world"
[16:09:52] [Server thread/INFO]: Reloading ResourceManager: Default, bukkit
[16:09:54] [Server thread/INFO]: Loaded 6 recipes
[16:09:55] [Server thread/INFO]: -------- World Settings For [world] --------
[16:09:55] [Server thread/INFO]: View Distance: 12
[16:09:55] [Server thread/INFO]: Allow Zombie Pigmen to spawn from portal blocks: true
[16:09:55] [Server thread/INFO]: Item Merge Radius: 2.5
[16:09:55] [Server thread/INFO]: Item Despawn Rate: 6000
[16:09:55] [Server thread/INFO]: Arrow Despawn Rate: 1200
[16:09:55] [Server thread/INFO]: Zombie Aggressive Towards Villager: true
[16:09:55] [Server thread/INFO]: Nerfing mobs spawned from spawners: false
[16:09:55] [Server thread/INFO]: Custom Map Seeds:  Village: 10387312 Desert: 14357617 Igloo: 14357618 Jungle: 14357619 Swamp: 14357620 Monument: 10387313Ocean: 14357621 Shipwreck: 165745295 Slime: 987234911
[16:09:55] [Server thread/INFO]: Mob Spawn Range: 4
[16:09:55] [Server thread/INFO]: Entity Activation Range: An 32 / Mo 32 / Ra 48 / Mi 16 / Tiv true
[16:09:55] [Server thread/INFO]: Entity Tracking Range: Pl 48 / An 48 / Mo 48 / Mi 32 / Other 64
[16:09:55] [Server thread/INFO]: Cactus Growth Modifier: 100%
[16:09:55] [Server thread/INFO]: Cane Growth Modifier: 100%
[16:09:55] [Server thread/INFO]: Melon Growth Modifier: 100%
[16:09:55] [Server thread/INFO]: Mushroom Growth Modifier: 100%
[16:09:55] [Server thread/INFO]: Pumpkin Growth Modifier: 100%
[16:09:55] [Server thread/INFO]: Sapling Growth Modifier: 100%
[16:09:55] [Server thread/INFO]: Beetroot Growth Modifier: 100%
[16:09:55] [Server thread/INFO]: Carrot Growth Modifier: 100%
[16:09:55] [Server thread/INFO]: Potato Growth Modifier: 100%
[16:09:55] [Server thread/INFO]: Wheat Growth Modifier: 100%
[16:09:55] [Server thread/INFO]: NetherWart Growth Modifier: 100%
[16:09:55] [Server thread/INFO]: Vine Growth Modifier: 100%
[16:09:55] [Server thread/INFO]: Cocoa Growth Modifier: 100%
[16:09:55] [Server thread/INFO]: Bamboo Growth Modifier: 100%
[16:09:55] [Server thread/INFO]: SweetBerry Growth Modifier: 100%
[16:09:55] [Server thread/INFO]: Kelp Growth Modifier: 100%
[16:09:55] [Server thread/INFO]: Hopper Transfer: 8 Hopper Check: 1 Hopper Amount: 1
[16:09:55] [Server thread/INFO]: Experience Merge Radius: 3.0
[16:09:55] [Server thread/INFO]: Max TNT Explosions: 100
[16:09:55] [Server thread/INFO]: Tile Max Tick Time: 50ms Entity max Tick Time: 50ms
